# <file1> <file2> <filetype> <mode> <uid> <gid> <major nr> <minor nr> <start> <increment> <count>
# file1     := filename in root fs relative to /
# file2     := for regular files filename in target root of toolchain gets copy to root fs
#              for links link-target
# filetype  := type of <file1>:
#               b := block-device
#               c := char-device
#               d := directory
#               f := regular file
#               l := symbolic link
#               p := named pipe
#               s := strip <file1>
# mode      := access mode in octal for <file1> as in chmod
# uid       := user id owning <file1>
# gid       := group id owning <file1>
# major nr  := major number for block/char-devices
# minor nr  := major number for block/char-devices (starting minor-nr for more than own device)
# start     := starting number of <file1>, <count> device are generated
# increment := <minor nr> gets incremented by
# count     := number of devices are generated (ignored if <filetype> is not b or c)
etc           -               d 755 0 0   -    - - -  -
bin           -               d 755 0 0   -    - - -  -
dev           -               d 755 0 0   -    - - -  -
rw-flash      -               d 755 0 0   -    - - -  -
dev/avswitch  -               c 664 0 0  10  139 - -  -
dev/console   -               c 664 0 0   5    1 - -  -
dev/fb        -               c 664 0 0  29    0 - -  -
dev/fb        -               c 664 0 0  29    0 0 1  2
dev/hw_idct   -               c 664 0 0  10  199 - -  -
dev/initctl   -               p 664 0 0   -    - - -  -
dev/lirc      -               c 664 0 0  61    0 - -  -
dev/lircd     /var/tmp/lircd  l 777 0 0   -    - - -  -
dev/log       /var/tmp/log    l 777 0 0   -    - - -  -
dev/loop      -               b 664 0 0   7    0 0 1  8
dev/mtd       -               c 664 0 0  90    0 0 2  7
dev/mtdblock  -               b 664 0 0  31    0 0 1  7
dev/null      -               c 666 0 0   1    3 - -  -
dev/ost       -               d 755 0 0   -    - - -  -
dev/ost/audio -               c 664 0 0 250    4 0 1  2
dev/ost/demux -               c 664 0 0 250   16 0 1  2
dev/ost/dvr   -               c 664 0 0 250   20 0 1  2
dev/ost/frontend -            c 664 0 0 250   12 0 1  2
dev/ost/sec   -               c 664 0 0 250    8 0 1  2
dev/ost/video -               c 664 0 0 250    0 0 1  2
dev/ost/audio audio0          l 664 0 0   -    - - -  -
dev/ost/demux demux0          l 664 0 0   -    - - -  -
dev/ost/dvr   dvr0            l 664 0 0   -    - - -  -
dev/ost/frontend frontend0    l 664 0 0   -    - - -  -
dev/ost/sec   sec0            l 664 0 0   -    - - -  -
dev/ost/video video0          l 664 0 0   -    - - -  -
dev/ost/qpskfe0 frontend0     l 664 0 0   -    - - -  -
dev/ost/qpskfe qpskfe0        l 664 0 0   -    - - -  -
dev/pic       -               c 664 0 0  10  136 - -  -
dev/ram       -               b 664 0 0   1    0 0 1  2
dev/random    -               c 666 0 0   1    8 - -  -
dev/raw       -               d 775 0 0   -    - - -  -
dev/rawctl    -               c 664 0 0 162    0 - -  -
dev/sda       -               b 660 0 0   8    0 - -  -
dev/sda       -               b 660 0 0   8    1 1 1 15
dev/sdb       -               b 660 0 0   8   16 - -  -
dev/sdb       -               b 660 0 0   8   17 1 1 15
dev/sdc       -               b 660 0 0   8   32 - -  -
dev/sdc       -               b 660 0 0   8   33 1 1 15
dev/sdd       -               b 660 0 0   8   48 - -  -
dev/sdd       -               b 660 0 0   8   49 1 1 15
dev/sde       -               b 660 0 0   8   64 - -  -
dev/sde       -               b 660 0 0   8   65 1 1 15
dev/sdf       -               b 660 0 0   8   80 - -  -
dev/sdf       -               b 660 0 0   8   81 1 1 15
dev/sdg       -               b 660 0 0   8   96 - -  -
dev/sdg       -               b 660 0 0   8   97 1 1 15
dev/sdh       -               b 660 0 0   8  112 - -  -
dev/sdh       -               b 660 0 0   8  113 1 1 15
dev/sdi       -               b 660 0 0   8  128 - -  -
dev/sdi       -               b 660 0 0   8  129 1 1 15
dev/sdj       -               b 660 0 0   8  144 - -  -
dev/sdj       -               b 660 0 0   8  145 1 1 15
dev/sdk       -               b 660 0 0   8  160 - -  -
dev/sdk       -               b 660 0 0   8  161 1 1 15
dev/sdl       -               b 660 0 0   8  176 - -  -
dev/sdl       -               b 660 0 0   8  177 1 1 15
dev/sdm       -               b 660 0 0   8  192 - -  -
dev/sdm       -               b 660 0 0   8  193 1 1 15
dev/sdn       -               b 660 0 0   8  208 - -  -
dev/sdn       -               b 660 0 0   8  209 1 1 15
dev/sdo       -               b 660 0 0   8  224 - -  -
dev/sdo       -               b 660 0 0   8  225 1 1 15
dev/sdp       -               b 660 0 0   8  240 - -  -
dev/sdp       -               b 660 0 0   8  241 1 1 15
dev/urandom   -               c 666 0 0   1    9 - -  -
dev/video     video0          l 777 0 0   -    - - -  -
dev/video     -               c 660 0 0  81    0 0 1  2
dev/zero      -               c 666 0 0   1    5 - -  -
dev/stdin     ../proc/self/fd/0 l 777 0 0  -   - - -  -
dev/stdout    ../proc/self/fd/1 l 777 0 0  -   - - -  -
dev/stderr    ../proc/self/fd/2 l 777 0 0  -   - - -  -
etc           -               d 755 0 0   -    - - -  -
etc/mtab      /proc/mounts    l 777 0 0   -    - - -  -
lib           -               d 755 0 0   -    - - -  -
media         /var/media      l 777 0 0   -    - - -  -
proc          -               d 755 0 0   -    - - -  -
root          -               d 755 0 0   -    - - -  -
home          -               d 755 0 0   -    - - -  -
sbin          -               d 755 0 0   -    - - -  -
tmp           /var/tmp        l 777 0 0   -    - - -  -
usr           -               d 755 0 0   -    - - -  -
usr/bin       -               d 755 0 0   -    - - -  -
usr/lib       -               d 755 0 0   -    - - -  -
usr/sbin      -               d 755 0 0   -    - - -  -
usr/share     -               d 755 0 0   -    - - -  -
var           -               d 755 0 0   -    - - -  -
var/tmp       -               d 755 0 0   -    - - -  -
var/run       -               d 755 0 0   -    - - -  -
