dev/ptmx      -               c 666 0 0   5    2 - -  -
dev/pts       -               d 755 0 0   -    - - -  -
dev/ptyp      -               c 666 0 0   2    0 0 1 10
dev/ptypa     -               c 666 0 0   2   10 - -  -
dev/ptypb     -               c 666 0 0   2   11 - -  -
dev/ptypc     -               c 666 0 0   2   12 - -  -
dev/ptypd     -               c 666 0 0   2   13 - -  -
dev/ptype     -               c 666 0 0   2   14 - -  -
dev/ptypf     -               c 666 0 0   2   15 - -  -
dev/ptyq      -               c 666 0 0   2   16 0 1 10
dev/ptyqa     -               c 666 0 0   2   26 - -  -
dev/ptyqb     -               c 666 0 0   2   27 - -  -
dev/ptyqc     -               c 666 0 0   2   28 - -  -
dev/ptyqd     -               c 666 0 0   2   29 - -  -
dev/ptyqe     -               c 666 0 0   2   30 - -  -
dev/ptyqf     -               c 666 0 0   2   31 - -  -
dev/ptyr      -               c 666 0 0   2   32 0 1 10
dev/ptyra     -               c 666 0 0   2   42 - -  -
dev/ptyrb     -               c 666 0 0   2   43 - -  -
dev/ptyrc     -               c 666 0 0   2   44 - -  -
dev/ptyrd     -               c 666 0 0   2   45 - -  -
dev/ptyre     -               c 666 0 0   2   46 - -  -
dev/ptyrf     -               c 666 0 0   2   47 - -  -
dev/ptys      -               c 666 0 0   2   48 0 1 10
dev/ptysa     -               c 666 0 0   2   58 - -  -
dev/ptysb     -               c 666 0 0   2   59 - -  -
dev/ptysc     -               c 666 0 0   2   60 - -  -
dev/ptysd     -               c 666 0 0   2   61 - -  -
dev/ptyse     -               c 666 0 0   2   62 - -  -
dev/ptysf     -               c 666 0 0   2   63 - -  -
dev/ptyt      -               c 666 0 0   2   64 0 1 10
dev/ptyta     -               c 666 0 0   2   74 - -  -
dev/ptytb     -               c 666 0 0   2   75 - -  -
dev/ptytc     -               c 666 0 0   2   76 - -  -
dev/ptytd     -               c 666 0 0   2   77 - -  -
dev/ptyte     -               c 666 0 0   2   78 - -  -
dev/ptytf     -               c 666 0 0   2   79 - -  -
dev/ptyu      -               c 666 0 0   2   80 0 1 10
dev/ptyua     -               c 666 0 0   2   90 - -  -
dev/ptyub     -               c 666 0 0   2   91 - -  -
dev/ptyuc     -               c 666 0 0   2   92 - -  -
dev/ptyud     -               c 666 0 0   2   93 - -  -
dev/ptyue     -               c 666 0 0   2   94 - -  -
dev/ptyuf     -               c 666 0 0   2   95 - -  -
dev/ptyv      -               c 666 0 0   2   96 0 1 10
dev/ptyva     -               c 666 0 0   2  106 - -  -
dev/ptyvb     -               c 666 0 0   2  107 - -  -
dev/ptyvc     -               c 666 0 0   2  108 - -  -
dev/ptyvd     -               c 666 0 0   2  109 - -  -
dev/ptyve     -               c 666 0 0   2  110 - -  -
dev/ptyvf     -               c 666 0 0   2  111 - -  -
dev/ptyw      -               c 666 0 0   2  112 0 1 10
dev/ptywa     -               c 666 0 0   2  122 - -  -
dev/ptywb     -               c 666 0 0   2  123 - -  -
dev/ptywc     -               c 666 0 0   2  124 - -  -
dev/ptywd     -               c 666 0 0   2  125 - -  -
dev/ptywe     -               c 666 0 0   2  126 - -  -
dev/ptywf     -               c 666 0 0   2  127 - -  -
dev/ptyx      -               c 666 0 0   2  128 0 1 10
dev/ptyxa     -               c 666 0 0   2  138 - -  -
dev/ptyxb     -               c 666 0 0   2  139 - -  -
dev/ptyxc     -               c 666 0 0   2  140 - -  -
dev/ptyxd     -               c 666 0 0   2  141 - -  -
dev/ptyxe     -               c 666 0 0   2  142 - -  -
dev/ptyxf     -               c 666 0 0   2  143 - -  -
dev/ptyy      -               c 666 0 0   2  144 0 1 10
dev/ptyya     -               c 666 0 0   2  154 - -  -
dev/ptyyb     -               c 666 0 0   2  155 - -  -
dev/ptyyc     -               c 666 0 0   2  156 - -  -
dev/ptyyd     -               c 666 0 0   2  157 - -  -
dev/ptyye     -               c 666 0 0   2  158 - -  -
dev/ptyyf     -               c 666 0 0   2  159 - -  -
dev/ptyz      -               c 666 0 0   2  160 0 1 10
dev/ptyza     -               c 666 0 0   2  170 - -  -
dev/ptyzb     -               c 666 0 0   2  171 - -  -
dev/ptyzc     -               c 666 0 0   2  172 - -  -
dev/ptyzd     -               c 666 0 0   2  173 - -  -
dev/ptyze     -               c 666 0 0   2  174 - -  -
dev/ptyzf     -               c 666 0 0   2  175 - -  -
dev/ptya      -               c 666 0 0   2  176 0 1 10
dev/ptyaa     -               c 666 0 0   2  186 - -  -
dev/ptyab     -               c 666 0 0   2  187 - -  -
dev/ptyac     -               c 666 0 0   2  188 - -  -
dev/ptyad     -               c 666 0 0   2  189 - -  -
dev/ptyae     -               c 666 0 0   2  190 - -  -
dev/ptyaf     -               c 666 0 0   2  191 - -  -
dev/ptyb      -               c 666 0 0   2  192 0 1 10
dev/ptyba     -               c 666 0 0   2  202 - -  -
dev/ptybb     -               c 666 0 0   2  203 - -  -
dev/ptybc     -               c 666 0 0   2  204 - -  -
dev/ptybd     -               c 666 0 0   2  205 - -  -
dev/ptybe     -               c 666 0 0   2  206 - -  -
dev/ptybf     -               c 666 0 0   2  207 - -  -
dev/ptyc      -               c 666 0 0   2  208 0 1 10
dev/ptyca     -               c 666 0 0   2  218 - -  -
dev/ptycb     -               c 666 0 0   2  219 - -  -
dev/ptycc     -               c 666 0 0   2  220 - -  -
dev/ptycd     -               c 666 0 0   2  221 - -  -
dev/ptyce     -               c 666 0 0   2  222 - -  -
dev/ptycf     -               c 666 0 0   2  223 - -  -
dev/ptyd      -               c 666 0 0   2  224 0 1 10
dev/ptyda     -               c 666 0 0   2  234 - -  -
dev/ptydb     -               c 666 0 0   2  235 - -  -
dev/ptydc     -               c 666 0 0   2  236 - -  -
dev/ptydd     -               c 666 0 0   2  237 - -  -
dev/ptyde     -               c 666 0 0   2  238 - -  -
dev/ptydf     -               c 666 0 0   2  239 - -  -
dev/ptye      -               c 666 0 0   2  240 0 1 10
dev/ptyea     -               c 666 0 0   2  250 - -  -
dev/ptyeb     -               c 666 0 0   2  251 - -  -
dev/ptyec     -               c 666 0 0   2  252 - -  -
dev/ptyed     -               c 666 0 0   2  253 - -  -
dev/ptyee     -               c 666 0 0   2  254 - -  -
dev/ptyef     -               c 666 0 0   2  255 - -  -
